<?xml version="1.0" encoding="UTF-8"?>
<!-- Generated by org.testng.reporters.JUnitXMLReporter -->
<testsuite ignored="0" hostname="Lenovo" failures="1" tests="1" name="Test" time="34.218" errors="0" timestamp="26 May 2021 06:02:40 GMT">
  <testcase classname="com.hps.testCases.WebexAutomation" name="WebexAutomation" time="34.034">
    <failure type="org.openqa.selenium.ElementClickInterceptedException" message="element click intercepted: Element &amp;lt;a class=&amp;quot;login&amp;quot; href=&amp;quot;http://automationpractice.com/index.php?controller=my-account&amp;quot; rel=&amp;quot;nofollow&amp;quot; title=&amp;quot;Log in to your customer account&amp;quot;&amp;gt;...&amp;lt;/a&amp;gt; is not clickable at point (1228, 83). Other element would receive the click: &amp;lt;a id=&amp;quot;lkvun&amp;quot; href=&amp;quot;http://defenseaspirinlike.com/bfcw45xyj?yowlp=64&amp;amp;amp;refer=http%3A%2F%2Fautomationpractice.com%2Findex.php&amp;amp;amp;kw=%5B%22my%22%2C%22store%22%5D&amp;amp;amp;key=781cdfa414231bb0f139c2ee812efce1&amp;amp;amp;scrWidth=1366&amp;amp;amp;scrHeight=768&amp;amp;amp;tz=5.5&amp;amp;amp;v=21.5.v.1&amp;amp;amp;res=12.29&amp;amp;amp;dev=r&amp;quot; target=&amp;quot;_blank&amp;quot; style=&amp;quot;display: block; height: inherit;&amp;quot;&amp;gt;&amp;lt;/a&amp;gt;
  (Session info: chrome=91.0.4472.77)
Build info: version: &amp;apos;3.141.59&amp;apos;, revision: &amp;apos;e82be7d358&amp;apos;, time: &amp;apos;2018-11-14T08:17:03&amp;apos;
System info: host: &amp;apos;LENOVO&amp;apos;, ip: &amp;apos;192.168.175.2&amp;apos;, os.name: &amp;apos;Windows 10&amp;apos;, os.arch: &amp;apos;amd64&amp;apos;, os.version: &amp;apos;10.0&amp;apos;, java.version: &amp;apos;16.0.1&amp;apos;
Driver info: org.openqa.selenium.chrome.ChromeDriver
Capabilities {acceptInsecureCerts: false, browserName: chrome, browserVersion: 91.0.4472.77, chrome: {chromedriverVersion: 91.0.4472.19 (1bf021f248676..., userDataDir: C:\Users\ELCOT\AppData\Loca...}, goog:chromeOptions: {debuggerAddress: localhost:61725}, javascriptEnabled: true, networkConnectionEnabled: false, pageLoadStrategy: normal, platform: WINDOWS, platformName: WINDOWS, proxy: Proxy(), setWindowRect: true, strictFileInteractability: false, timeouts: {implicit: 0, pageLoad: 300000, script: 30000}, unhandledPromptBehavior: dismiss and notify, webauthn:extension:largeBlob: true, webauthn:virtualAuthenticators: true}
Session ID: 5d6134c7a5d1cf55ca86b7f0308c1169">
      <![CDATA[org.openqa.selenium.ElementClickInterceptedException: element click intercepted: Element <a class="login" href="http://automationpractice.com/index.php?controller=my-account" rel="nofollow" title="Log in to your customer account">...</a> is not clickable at point (1228, 83). Other element would receive the click: <a id="lkvun" href="http://defenseaspirinlike.com/bfcw45xyj?yowlp=64&amp;refer=http%3A%2F%2Fautomationpractice.com%2Findex.php&amp;kw=%5B%22my%22%2C%22store%22%5D&amp;key=781cdfa414231bb0f139c2ee812efce1&amp;scrWidth=1366&amp;scrHeight=768&amp;tz=5.5&amp;v=21.5.v.1&amp;res=12.29&amp;dev=r" target="_blank" style="display: block; height: inherit;"></a>
  (Session info: chrome=91.0.4472.77)
Build info: version: '3.141.59', revision: 'e82be7d358', time: '2018-11-14T08:17:03'
System info: host: 'LENOVO', ip: '192.168.175.2', os.name: 'Windows 10', os.arch: 'amd64', os.version: '10.0', java.version: '16.0.1'
Driver info: org.openqa.selenium.chrome.ChromeDriver
Capabilities {acceptInsecureCerts: false, browserName: chrome, browserVersion: 91.0.4472.77, chrome: {chromedriverVersion: 91.0.4472.19 (1bf021f248676..., userDataDir: C:\Users\ELCOT\AppData\Loca...}, goog:chromeOptions: {debuggerAddress: localhost:61725}, javascriptEnabled: true, networkConnectionEnabled: false, pageLoadStrategy: normal, platform: WINDOWS, platformName: WINDOWS, proxy: Proxy(), setWindowRect: true, strictFileInteractability: false, timeouts: {implicit: 0, pageLoad: 300000, script: 30000}, unhandledPromptBehavior: dismiss and notify, webauthn:extension:largeBlob: true, webauthn:virtualAuthenticators: true}
Session ID: 5d6134c7a5d1cf55ca86b7f0308c1169
at org.openqa.selenium.remote.http.W3CHttpResponseCodec.createException(W3CHttpResponseCodec.java:187)
at org.openqa.selenium.remote.http.W3CHttpResponseCodec.decode(W3CHttpResponseCodec.java:122)
at org.openqa.selenium.remote.http.W3CHttpResponseCodec.decode(W3CHttpResponseCodec.java:49)
at org.openqa.selenium.remote.HttpCommandExecutor.execute(HttpCommandExecutor.java:158)
at org.openqa.selenium.remote.service.DriverCommandExecutor.execute(DriverCommandExecutor.java:83)
at org.openqa.selenium.remote.RemoteWebDriver.execute(RemoteWebDriver.java:552)
at org.openqa.selenium.remote.RemoteWebElement.execute(RemoteWebElement.java:285)
at org.openqa.selenium.remote.RemoteWebElement.click(RemoteWebElement.java:84)
at org.openqa.selenium.support.pagefactory.internal.LocatingElementHandler.invoke(LocatingElementHandler.java:51)
at jdk.proxy2/jdk.proxy2.$Proxy10.click(Unknown Source)
at com.hps.page.autopractice.loginUser(autopractice.java:174)
at com.hps.testCases.WebexAutomation.WebexAutomation(WebexAutomation.java:21)
... Removed 34 stack frames]]>
    </failure>
  </testcase> <!-- WebexAutomation -->
</testsuite> <!-- Test -->
